00:00:02 : Lost Connection!
﻿00:00:02 : Closing socket & exiting!
﻿00:01:38 : Rcon client logging in
﻿00:05:25 : No Valid response. Trying to reconnect.!
﻿00:05:25 : Rcon client logging in
﻿00:05:25 : RCon admin #0 (104.255.66.217:63277) logged in
﻿00:10:38 : RCon admin #0: (Global) BEC : ADD MESSAGE HERE
﻿00:19:38 : RCon admin #0: (Global) BEC : ADD MESSAGE HERE
﻿00:19:38 : RCon admin #0: (Global) BEC : ADD MESSAGE HERE
﻿00:28:38 : RCon admin #0: (Global) BEC : ADD MESSAGE HERE
﻿00:28:38 : RCon admin #0: (Global) BEC : ADD MESSAGE HERE
﻿00:37:38 : RCon admin #0: (Global) BEC : ADD MESSAGE HERE
﻿00:37:38 : RCon admin #0: (Global) BEC : ADD MESSAGE HERE
﻿00:37:38 : RCon admin #0: (Global) BEC : ADD MESSAGE HERE
﻿00:46:38 : RCon admin #0: (Global) BEC : ADD MESSAGE HERE
﻿00:46:38 : RCon admin #0: (Global) BEC : This server restarts every 3 hours
﻿00:55:38 : RCon admin #0: (Global) BEC : ADD MESSAGE HERE
﻿00:55:38 : RCon admin #0: (Global) BEC : ADD MESSAGE HERE
﻿00:55:39 : RCon admin #0: (Global) BEC : ADD MESSAGE HERE
﻿01:04:38 : RCon admin #0: (Global) BEC : ADD MESSAGE HERE
﻿01:13:38 : RCon admin #0: (Global) BEC : ADD MESSAGE HERE
﻿01:13:38 : RCon admin #0: (Global) BEC : ADD MESSAGE HERE
﻿01:13:38 : RCon admin #0: (Global) BEC : ADD MESSAGE HERE
﻿01:22:38 : RCon admin #0: (Global) BEC : ADD MESSAGE HERE
﻿01:22:38 : RCon admin #0: (Global) BEC : ADD MESSAGE HERE
﻿01:31:38 : RCon admin #0: (Global) BEC : ADD MESSAGE HERE
﻿01:31:38 : RCon admin #0: (Global) BEC : ADD MESSAGE HERE
﻿01:31:39 : RCon admin #0: (Global) BEC : This server restarts every 3 hours
﻿01:40:38 : RCon admin #0: (Global) BEC : ADD MESSAGE HERE
﻿01:49:38 : RCon admin #0: (Global) BEC : ADD MESSAGE HERE
﻿01:49:39 : RCon admin #0: (Global) BEC : ADD MESSAGE HERE
﻿01:49:39 : RCon admin #0: (Global) BEC : ADD MESSAGE HERE
﻿01:49:39 : RCon admin #0: (Global) BEC : ADD MESSAGE HERE
﻿01:58:38 : RCon admin #0: (Global) BEC : ADD MESSAGE HERE
﻿02:07:38 : RCon admin #0: (Global) BEC : ADD MESSAGE HERE
﻿02:07:38 : RCon admin #0: (Global) BEC : ADD MESSAGE HERE
﻿02:16:38 : RCon admin #0: (Global) BEC : ADD MESSAGE HERE
﻿02:16:38 : RCon admin #0: (Global) BEC : ADD MESSAGE HERE
﻿02:16:39 : RCon admin #0: (Global) BEC : This server restarts every 3 hours
﻿02:25:38 : RCon admin #0: (Global) BEC : ADD MESSAGE HERE
﻿02:25:39 : RCon admin #0: (Global) BEC : ADD MESSAGE HERE
﻿02:25:39 : RCon admin #0: (Global) BEC : ADD MESSAGE HERE
﻿02:34:38 : RCon admin #0: (Global) BEC : ADD MESSAGE HERE
﻿02:43:38 : RCon admin #0: (Global) BEC : ADD MESSAGE HERE
﻿02:43:38 : RCon admin #0: (Global) BEC : ADD MESSAGE HERE
﻿02:43:39 : RCon admin #0: (Global) BEC : ADD MESSAGE HERE
﻿02:52:38 : RCon admin #0: (Global) BEC : ADD MESSAGE HERE
﻿02:55:00 : RCon admin #0: (Global) BEC : This server will restart in 5 minutes
﻿02:59:00 : RCon admin #0: (Global) BEC : This server will restart in 1 minute
﻿03:00:02 : Lost Connection!
﻿03:00:02 : Closing socket & exiting!
﻿03:01:11 : Rcon client logging in
﻿03:05:11 : No Valid response. Trying to reconnect.!
﻿03:05:11 : Rcon client logging in
﻿03:05:11 : RCon admin #0 (104.255.66.217:60410) logged in
﻿03:10:11 : RCon admin #0: (Global) BEC : ADD MESSAGE HERE
﻿03:19:11 : RCon admin #0: (Global) BEC : ADD MESSAGE HERE
﻿03:19:11 : RCon admin #0: (Global) BEC : ADD MESSAGE HERE
﻿03:28:11 : RCon admin #0: (Global) BEC : ADD MESSAGE HERE
﻿03:28:11 : RCon admin #0: (Global) BEC : ADD MESSAGE HERE
﻿03:37:11 : RCon admin #0: (Global) BEC : ADD MESSAGE HERE
﻿03:37:11 : RCon admin #0: (Global) BEC : ADD MESSAGE HERE
﻿03:37:11 : RCon admin #0: (Global) BEC : ADD MESSAGE HERE
﻿03:46:11 : RCon admin #0: (Global) BEC : ADD MESSAGE HERE
﻿03:46:11 : RCon admin #0: (Global) BEC : This server restarts every 3 hours
﻿03:55:11 : RCon admin #0: (Global) BEC : ADD MESSAGE HERE
﻿03:55:11 : RCon admin #0: (Global) BEC : ADD MESSAGE HERE
﻿03:55:11 : RCon admin #0: (Global) BEC : ADD MESSAGE HERE
﻿04:04:11 : RCon admin #0: (Global) BEC : ADD MESSAGE HERE
﻿04:13:11 : RCon admin #0: (Global) BEC : ADD MESSAGE HERE
﻿04:13:11 : RCon admin #0: (Global) BEC : ADD MESSAGE HERE
﻿04:13:11 : RCon admin #0: (Global) BEC : ADD MESSAGE HERE
﻿04:22:11 : RCon admin #0: (Global) BEC : ADD MESSAGE HERE
﻿04:22:11 : RCon admin #0: (Global) BEC : ADD MESSAGE HERE
﻿04:31:11 : RCon admin #0: (Global) BEC : ADD MESSAGE HERE
﻿04:31:11 : RCon admin #0: (Global) BEC : ADD MESSAGE HERE
﻿04:31:11 : RCon admin #0: (Global) BEC : This server restarts every 3 hours
﻿04:40:11 : RCon admin #0: (Global) BEC : ADD MESSAGE HERE
﻿04:49:11 : RCon admin #0: (Global) BEC : ADD MESSAGE HERE
﻿04:49:11 : RCon admin #0: (Global) BEC : ADD MESSAGE HERE
﻿04:49:11 : RCon admin #0: (Global) BEC : ADD MESSAGE HERE
﻿04:49:11 : RCon admin #0: (Global) BEC : ADD MESSAGE HERE
﻿04:58:11 : RCon admin #0: (Global) BEC : ADD MESSAGE HERE
﻿05:07:11 : RCon admin #0: (Global) BEC : ADD MESSAGE HERE
﻿05:07:11 : RCon admin #0: (Global) BEC : ADD MESSAGE HERE
﻿05:16:11 : RCon admin #0: (Global) BEC : ADD MESSAGE HERE
﻿05:16:11 : RCon admin #0: (Global) BEC : This server restarts every 3 hours
﻿05:16:11 : RCon admin #0: (Global) BEC : ADD MESSAGE HERE
﻿05:25:11 : RCon admin #0: (Global) BEC : ADD MESSAGE HERE
﻿05:25:11 : RCon admin #0: (Global) BEC : ADD MESSAGE HERE
﻿05:25:11 : RCon admin #0: (Global) BEC : ADD MESSAGE HERE
﻿05:34:11 : RCon admin #0: (Global) BEC : ADD MESSAGE HERE
﻿05:43:11 : RCon admin #0: (Global) BEC : ADD MESSAGE HERE
﻿05:43:11 : RCon admin #0: (Global) BEC : ADD MESSAGE HERE
﻿05:43:11 : RCon admin #0: (Global) BEC : ADD MESSAGE HERE
﻿05:52:11 : RCon admin #0: (Global) BEC : ADD MESSAGE HERE
﻿05:55:00 : RCon admin #0: (Global) BEC : This server will restart in 5 minutes
﻿05:59:00 : RCon admin #0: (Global) BEC : This server will restart in 1 minute
﻿06:00:02 : Lost Connection!
﻿06:00:02 : Closing socket & exiting!
﻿06:01:17 : Rcon client logging in
﻿06:05:14 : No Valid response. Trying to reconnect.!
﻿06:05:14 : Rcon client logging in
﻿06:05:14 : RCon admin #0 (104.255.66.217:51556) logged in
﻿06:10:17 : RCon admin #0: (Global) BEC : ADD MESSAGE HERE
﻿06:19:17 : RCon admin #0: (Global) BEC : ADD MESSAGE HERE
﻿06:19:17 : RCon admin #0: (Global) BEC : ADD MESSAGE HERE
﻿06:28:17 : RCon admin #0: (Global) BEC : ADD MESSAGE HERE
﻿06:28:17 : RCon admin #0: (Global) BEC : ADD MESSAGE HERE
﻿06:37:17 : RCon admin #0: (Global) BEC : ADD MESSAGE HERE
﻿06:37:17 : RCon admin #0: (Global) BEC : ADD MESSAGE HERE
﻿06:37:17 : RCon admin #0: (Global) BEC : ADD MESSAGE HERE
﻿06:46:17 : RCon admin #0: (Global) BEC : ADD MESSAGE HERE
﻿06:46:17 : RCon admin #0: (Global) BEC : This server restarts every 3 hours
﻿06:55:17 : RCon admin #0: (Global) BEC : ADD MESSAGE HERE
﻿06:55:17 : RCon admin #0: (Global) BEC : ADD MESSAGE HERE
﻿06:55:17 : RCon admin #0: (Global) BEC : ADD MESSAGE HERE
﻿07:04:17 : RCon admin #0: (Global) BEC : ADD MESSAGE HERE
﻿07:13:17 : RCon admin #0: (Global) BEC : ADD MESSAGE HERE
﻿07:13:17 : RCon admin #0: (Global) BEC : ADD MESSAGE HERE
﻿07:13:17 : RCon admin #0: (Global) BEC : ADD MESSAGE HERE
﻿07:22:17 : RCon admin #0: (Global) BEC : ADD MESSAGE HERE
﻿07:22:17 : RCon admin #0: (Global) BEC : ADD MESSAGE HERE
﻿07:31:17 : RCon admin #0: (Global) BEC : ADD MESSAGE HERE
﻿07:31:17 : RCon admin #0: (Global) BEC : ADD MESSAGE HERE
﻿07:31:17 : RCon admin #0: (Global) BEC : This server restarts every 3 hours
﻿07:40:17 : RCon admin #0: (Global) BEC : ADD MESSAGE HERE
﻿07:49:17 : RCon admin #0: (Global) BEC : ADD MESSAGE HERE
﻿07:49:17 : RCon admin #0: (Global) BEC : ADD MESSAGE HERE
﻿07:49:17 : RCon admin #0: (Global) BEC : ADD MESSAGE HERE
﻿07:49:18 : RCon admin #0: (Global) BEC : ADD MESSAGE HERE
﻿07:58:17 : RCon admin #0: (Global) BEC : ADD MESSAGE HERE
﻿08:07:17 : RCon admin #0: (Global) BEC : ADD MESSAGE HERE
﻿08:07:17 : RCon admin #0: (Global) BEC : ADD MESSAGE HERE
﻿08:16:17 : RCon admin #0: (Global) BEC : ADD MESSAGE HERE
﻿08:16:17 : RCon admin #0: (Global) BEC : This server restarts every 3 hours
﻿08:16:17 : RCon admin #0: (Global) BEC : ADD MESSAGE HERE
﻿08:25:17 : RCon admin #0: (Global) BEC : ADD MESSAGE HERE
﻿08:25:17 : RCon admin #0: (Global) BEC : ADD MESSAGE HERE
﻿08:25:17 : RCon admin #0: (Global) BEC : ADD MESSAGE HERE
﻿08:34:17 : RCon admin #0: (Global) BEC : ADD MESSAGE HERE
﻿08:43:17 : RCon admin #0: (Global) BEC : ADD MESSAGE HERE
﻿08:43:17 : RCon admin #0: (Global) BEC : ADD MESSAGE HERE
﻿08:43:17 : RCon admin #0: (Global) BEC : ADD MESSAGE HERE
﻿08:52:17 : RCon admin #0: (Global) BEC : ADD MESSAGE HERE
﻿08:55:00 : RCon admin #0: (Global) BEC : This server will restart in 5 minutes
﻿08:59:00 : RCon admin #0: (Global) BEC : This server will restart in 1 minute
﻿09:00:03 : Lost Connection!
﻿09:00:03 : Closing socket & exiting!
﻿09:01:14 : Rcon client logging in
﻿09:05:18 : No Valid response. Trying to reconnect.!
﻿09:05:18 : Rcon client logging in
﻿09:05:18 : RCon admin #0 (104.255.66.217:60917) logged in
﻿09:10:15 : RCon admin #0: (Global) BEC : ADD MESSAGE HERE
﻿09:19:15 : RCon admin #0: (Global) BEC : ADD MESSAGE HERE
﻿09:19:15 : RCon admin #0: (Global) BEC : ADD MESSAGE HERE
﻿09:28:15 : RCon admin #0: (Global) BEC : ADD MESSAGE HERE
﻿09:28:15 : RCon admin #0: (Global) BEC : ADD MESSAGE HERE
﻿09:37:15 : RCon admin #0: (Global) BEC : ADD MESSAGE HERE
﻿09:37:15 : RCon admin #0: (Global) BEC : ADD MESSAGE HERE
﻿09:37:15 : RCon admin #0: (Global) BEC : ADD MESSAGE HERE
﻿09:39:10 : Rcon client logging in
﻿09:40:30 : No Valid response. Trying to reconnect.!
﻿09:40:30 : Rcon client logging in
﻿09:40:30 : RCon admin #0 (104.255.66.217:53581) logged in
﻿09:48:10 : RCon admin #0: (Global) BEC : ADD MESSAGE HERE
﻿09:57:10 : RCon admin #0: (Global) BEC : ADD MESSAGE HERE
﻿09:57:10 : RCon admin #0: (Global) BEC : ADD MESSAGE HERE
﻿10:33:20 : Rcon client logging in
﻿10:33:20 : RCon admin #0 (104.255.66.217:54608) logged in
﻿10:33:21 : RCon admin #0: (Global) Initializing Bec
﻿10:36:36 : Lost Connection!
﻿10:36:36 : Closing socket & exiting!
﻿10:41:47 : Rcon client logging in
﻿10:43:20 : No Valid response. Trying to reconnect.!
﻿10:43:20 : Rcon client logging in
﻿10:43:20 : RCon admin #0 (104.255.66.217:57823) logged in
﻿10:45:12 : Lost Connection!
﻿10:45:12 : Closing socket & exiting!
﻿11:01:22 : Lost Connection!
﻿11:01:23 : Closing socket & exiting!
﻿11:01:52 : Lost Connection!
﻿11:01:52 : Closing socket & exiting!
﻿11:02:26 : Lost Connection!
﻿11:02:26 : Closing socket & exiting!
﻿11:03:00 : Rcon client logging in
﻿11:09:05 : No Valid response. Trying to reconnect.!
﻿11:09:05 : Rcon client logging in
﻿11:09:05 : RCon admin #0 (104.255.66.217:51407) logged in
﻿11:43:20 : Player #0 Survivor (24.131.87.127:2304) connected
﻿11:43:20 : Player #0 Survivor - BE GUID: 3147c69c4332f0ce305e747c21057036
﻿13:02:40 : Player #0 Survivor disconnected
﻿13:02:41 : Lost Connection!
﻿13:02:41 : Closing socket & exiting!
﻿13:12:42 : Rcon client logging in
﻿13:16:42 : Rcon client logging in
﻿13:18:18 : No Valid response. Trying to reconnect.!
﻿13:18:18 : Rcon client logging in
﻿13:18:18 : RCon admin #0 (104.255.66.217:59541) logged in
﻿13:30:08 : Lost Connection!
﻿13:30:08 : Closing socket & exiting!
﻿13:30:12 : Lost Connection!
﻿13:30:12 : Closing socket & exiting!
﻿13:31:34 : Rcon client logging in
﻿13:33:21 : No Valid response. Trying to reconnect.!
﻿13:45:13 : Rcon client logging in
﻿13:46:16 : Lost Connection!
﻿13:46:16 : Closing socket & exiting!
﻿13:53:56 : Rcon client logging in
﻿13:59:37 : Rcon client logging in
﻿14:01:26 : No Valid response. Trying to reconnect.!
﻿14:01:26 : Rcon client logging in
﻿14:01:26 : RCon admin #0 (104.255.66.217:64525) logged in
﻿14:02:31 : Player #0 Survivor (24.131.87.127:2304) connected
﻿14:02:31 : Player #0 Survivor - BE GUID: 3147c69c4332f0ce305e747c21057036
﻿16:16:04 : Player #0 Survivor disconnected
﻿17:18:23 : Player #0 Survivor (24.131.87.127:2304) connected
﻿21:37:20 : Lost Connection!
﻿21:37:20 : Closing socket & exiting!
﻿21:38:24 : Rcon client logging in
﻿21:39:31 : Lost Connection!
﻿21:39:31 : Closing socket & exiting!
﻿21:47:22 : Rcon client logging in
﻿21:48:49 : No Valid response. Trying to reconnect.!
﻿21:48:49 : Rcon client logging in
﻿21:48:49 : RCon admin #0 (104.255.66.217:54820) logged in
﻿21:50:49 : Player #0 Survivor (24.131.87.127:2304) connected
﻿21:50:49 : Player #0 Survivor - BE GUID: 3147c69c4332f0ce305e747c21057036
﻿21:55:18 : Player #0 Survivor disconnected
﻿21:55:19 : Lost Connection!
﻿21:55:19 : Closing socket & exiting!
﻿21:56:05 : Rcon client logging in
﻿21:57:32 : No Valid response. Trying to reconnect.!
﻿21:57:32 : Rcon client logging in
﻿21:57:32 : RCon admin #0 (104.255.66.217:49637) logged in
﻿22:54:21 : Player #0 Survivor disconnected
﻿22:54:24 : Lost Connection!
﻿22:54:24 : Closing socket & exiting!
﻿22:55:14 : Rcon client logging in
﻿22:57:03 : No Valid response. Trying to reconnect.!
﻿22:57:03 : Rcon client logging in
﻿22:57:03 : RCon admin #0 (104.255.66.217:51262) logged in
﻿22:57:07 : Player #0 Survivor disconnected
﻿22:57:09 : Lost Connection!
﻿22:57:09 : Closing socket & exiting!
﻿23:14:28 : Rcon client logging in
﻿23:16:02 : No Valid response. Trying to reconnect.!
﻿23:16:02 : Rcon client logging in
﻿23:16:02 : RCon admin #0 (104.255.66.217:62026) logged in
﻿23:18:58 : Player #0 Survivor disconnected
﻿23:19:00 : Lost Connection!
﻿23:19:00 : Closing socket & exiting!
﻿23:22:27 : Rcon client logging in
﻿23:24:10 : No Valid response. Trying to reconnect.!
﻿23:24:10 : Rcon client logging in
﻿23:24:10 : RCon admin #0 (104.255.66.217:65449) logged in
﻿23:32:43 : Player #0 Survivor disconnected
