15:03:05 : Player #0 Survivor (65.188.53.16:54625) connected
﻿15:03:05 : Player #0 Survivor - BE GUID: c208232727f4b44d4c700c1f16422fc1
﻿15:24:03 : Player #1 Survivor (2) (24.57.9.94:2304) connected
﻿15:24:03 : Player #1 Survivor (2) - BE GUID: 98ac034bad05dd00e15f8ad9721128a3
﻿16:04:29 : Player #0 Survivor disconnected
﻿16:07:21 : Player #1 Survivor (2) disconnected
﻿18:20:12 : Player #0 Survivor (24.131.87.127:2304) connected
﻿18:20:12 : Player #0 Survivor - BE GUID: 3147c69c4332f0ce305e747c21057036
﻿18:46:48 : Player #0 Survivor disconnected
﻿22:20:40 : Player #0 Survivor (174.55.185.172:2304) connected
﻿22:20:40 : Player #0 Survivor - BE GUID: f3972aa822a885cfe101daff70f160fc
﻿22:23:57 : Player #0 Survivor disconnected
﻿22:24:41 : Player #0 Survivor (174.55.185.172:2304) connected
﻿22:24:41 : Player #0 Survivor - BE GUID: f3972aa822a885cfe101daff70f160fc
﻿23:14:04 : No Valid response. Trying to reconnect.!
﻿23:14:49 : No Valid response. Trying to reconnect.!
﻿23:15:34 : No Valid response. Trying to reconnect.!
﻿23:16:19 : Lost Connection!
﻿23:16:19 : Closing socket & exiting!
﻿23:16:29 : Failed to login. Trying to reconnect.!
﻿23:16:39 : Failed to login. Trying to reconnect.!
﻿23:16:49 : Failed to login. Trying to reconnect.!
﻿23:16:59 : Failed to login. Trying to reconnect.!
﻿23:17:09 : Failed to login. Trying to reconnect.!
﻿23:17:19 : Failed to login. Trying to reconnect.!
﻿23:17:29 : Problems logging in to the server.!
﻿23:17:29 : Lost Connection!
﻿23:17:29 : Closing socket & exiting!
﻿23:18:05 : Failed to login. Trying to reconnect.!
﻿23:18:15 : Failed to login. Trying to reconnect.!
﻿23:18:25 : Failed to login. Trying to reconnect.!
﻿23:18:35 : Failed to login. Trying to reconnect.!
﻿23:18:45 : Failed to login. Trying to reconnect.!
﻿23:18:55 : Failed to login. Trying to reconnect.!
﻿23:19:05 : Problems logging in to the server.!
﻿23:19:05 : Lost Connection!
﻿23:19:05 : Closing socket & exiting!
﻿23:19:44 : Failed to login. Trying to reconnect.!
﻿23:19:54 : Failed to login. Trying to reconnect.!
﻿23:20:04 : Failed to login. Trying to reconnect.!
﻿23:20:14 : Failed to login. Trying to reconnect.!
﻿23:20:24 : Failed to login. Trying to reconnect.!
﻿23:20:34 : Failed to login. Trying to reconnect.!
﻿23:20:44 : Problems logging in to the server.!
﻿23:20:44 : Lost Connection!
﻿23:20:44 : Closing socket & exiting!
﻿23:21:19 : Failed to login. Trying to reconnect.!
﻿23:21:29 : Failed to login. Trying to reconnect.!
﻿23:21:39 : Failed to login. Trying to reconnect.!
﻿23:21:49 : Failed to login. Trying to reconnect.!
﻿23:21:59 : Failed to login. Trying to reconnect.!
﻿23:22:09 : Failed to login. Trying to reconnect.!
﻿23:22:19 : Problems logging in to the server.!
﻿23:22:19 : Lost Connection!
﻿23:22:19 : Closing socket & exiting!
﻿23:22:55 : Failed to login. Trying to reconnect.!
﻿23:23:05 : Failed to login. Trying to reconnect.!
﻿23:23:15 : Failed to login. Trying to reconnect.!
﻿23:23:25 : Failed to login. Trying to reconnect.!
﻿23:23:35 : Failed to login. Trying to reconnect.!
﻿23:23:45 : Failed to login. Trying to reconnect.!
﻿23:23:55 : Problems logging in to the server.!
﻿23:23:55 : Lost Connection!
﻿23:23:55 : Closing socket & exiting!
﻿23:24:33 : Failed to login. Trying to reconnect.!
﻿23:24:43 : Failed to login. Trying to reconnect.!
﻿23:24:53 : Failed to login. Trying to reconnect.!
﻿23:25:03 : Failed to login. Trying to reconnect.!
﻿23:25:13 : Failed to login. Trying to reconnect.!
﻿23:25:23 : Failed to login. Trying to reconnect.!
﻿23:25:33 : Problems logging in to the server.!
﻿23:25:33 : Lost Connection!
﻿23:25:33 : Closing socket & exiting!
﻿23:25:42 : Failed to login. Trying to reconnect.!
﻿23:25:52 : Failed to login. Trying to reconnect.!
﻿23:26:02 : Failed to login. Trying to reconnect.!
﻿23:26:12 : Failed to login. Trying to reconnect.!
﻿23:26:22 : Failed to login. Trying to reconnect.!
﻿23:26:32 : Failed to login. Trying to reconnect.!
﻿23:26:42 : Problems logging in to the server.!
﻿23:26:42 : Lost Connection!
﻿23:26:42 : Closing socket & exiting!
﻿23:27:19 : Failed to login. Trying to reconnect.!
﻿23:27:29 : Failed to login. Trying to reconnect.!
﻿23:27:39 : Failed to login. Trying to reconnect.!
﻿23:27:49 : Failed to login. Trying to reconnect.!
﻿23:27:59 : Failed to login. Trying to reconnect.!
﻿23:28:09 : Failed to login. Trying to reconnect.!
﻿23:28:19 : Problems logging in to the server.!
﻿23:28:19 : Lost Connection!
﻿23:28:19 : Closing socket & exiting!
﻿23:28:55 : Failed to login. Trying to reconnect.!
﻿23:29:05 : Failed to login. Trying to reconnect.!
﻿23:29:15 : Failed to login. Trying to reconnect.!
﻿23:29:25 : Failed to login. Trying to reconnect.!
﻿23:29:35 : Failed to login. Trying to reconnect.!
﻿23:29:45 : Failed to login. Trying to reconnect.!
﻿23:29:55 : Problems logging in to the server.!
﻿23:29:55 : Lost Connection!
﻿23:29:55 : Closing socket & exiting!
﻿23:30:32 : Failed to login. Trying to reconnect.!
﻿23:30:42 : Failed to login. Trying to reconnect.!
﻿23:30:52 : Failed to login. Trying to reconnect.!
﻿23:31:02 : Failed to login. Trying to reconnect.!
﻿23:31:12 : Failed to login. Trying to reconnect.!
﻿23:31:22 : Failed to login. Trying to reconnect.!
﻿23:31:32 : Problems logging in to the server.!
﻿23:31:32 : Lost Connection!
﻿23:31:32 : Closing socket & exiting!
﻿23:32:09 : Failed to login. Trying to reconnect.!
﻿23:32:19 : Failed to login. Trying to reconnect.!
﻿23:32:29 : Failed to login. Trying to reconnect.!
﻿23:32:39 : Failed to login. Trying to reconnect.!
﻿23:32:49 : Failed to login. Trying to reconnect.!
﻿23:32:59 : Failed to login. Trying to reconnect.!
﻿23:33:09 : Problems logging in to the server.!
﻿23:33:09 : Lost Connection!
﻿23:33:09 : Closing socket & exiting!
﻿23:33:48 : Failed to login. Trying to reconnect.!
﻿23:33:58 : Failed to login. Trying to reconnect.!
﻿23:34:08 : Failed to login. Trying to reconnect.!
﻿23:34:18 : Failed to login. Trying to reconnect.!
﻿23:34:28 : Failed to login. Trying to reconnect.!
﻿23:34:38 : Failed to login. Trying to reconnect.!
﻿23:34:48 : Problems logging in to the server.!
﻿23:34:48 : Lost Connection!
﻿23:34:48 : Closing socket & exiting!
﻿23:35:25 : Failed to login. Trying to reconnect.!
﻿23:35:35 : Failed to login. Trying to reconnect.!
﻿23:35:45 : Failed to login. Trying to reconnect.!
﻿23:35:55 : Failed to login. Trying to reconnect.!
﻿23:36:05 : Failed to login. Trying to reconnect.!
﻿23:36:15 : Failed to login. Trying to reconnect.!
﻿23:36:25 : Problems logging in to the server.!
﻿23:36:25 : Lost Connection!
﻿23:36:25 : Closing socket & exiting!
﻿23:37:01 : Failed to login. Trying to reconnect.!
﻿23:37:11 : Failed to login. Trying to reconnect.!
﻿23:37:21 : Failed to login. Trying to reconnect.!
﻿23:37:31 : Failed to login. Trying to reconnect.!
﻿23:37:41 : Failed to login. Trying to reconnect.!
﻿23:37:51 : Failed to login. Trying to reconnect.!
﻿23:38:01 : Problems logging in to the server.!
﻿23:38:01 : Lost Connection!
﻿23:38:01 : Closing socket & exiting!
﻿23:38:37 : Failed to login. Trying to reconnect.!
﻿23:38:47 : Failed to login. Trying to reconnect.!
﻿23:38:57 : Failed to login. Trying to reconnect.!
﻿23:39:07 : Failed to login. Trying to reconnect.!
﻿23:39:17 : Failed to login. Trying to reconnect.!
﻿23:39:27 : Failed to login. Trying to reconnect.!
﻿23:39:37 : Problems logging in to the server.!
﻿23:39:37 : Lost Connection!
﻿23:39:37 : Closing socket & exiting!
﻿23:40:15 : Failed to login. Trying to reconnect.!
﻿23:40:25 : Failed to login. Trying to reconnect.!
﻿23:40:35 : Failed to login. Trying to reconnect.!
﻿23:40:45 : Failed to login. Trying to reconnect.!
﻿23:40:55 : Failed to login. Trying to reconnect.!
﻿23:41:05 : Failed to login. Trying to reconnect.!
﻿23:41:15 : Problems logging in to the server.!
﻿23:41:15 : Lost Connection!
﻿23:41:15 : Closing socket & exiting!
﻿23:41:52 : Failed to login. Trying to reconnect.!
﻿23:42:02 : Failed to login. Trying to reconnect.!
﻿23:42:12 : Failed to login. Trying to reconnect.!
﻿23:42:22 : Failed to login. Trying to reconnect.!
﻿23:42:32 : Failed to login. Trying to reconnect.!
﻿23:42:42 : Failed to login. Trying to reconnect.!
﻿23:42:52 : Problems logging in to the server.!
﻿23:42:52 : Lost Connection!
﻿23:42:52 : Closing socket & exiting!
﻿23:43:29 : Failed to login. Trying to reconnect.!
﻿23:43:39 : Failed to login. Trying to reconnect.!
﻿23:43:49 : Failed to login. Trying to reconnect.!
﻿23:43:59 : Failed to login. Trying to reconnect.!
﻿23:44:09 : Failed to login. Trying to reconnect.!
﻿23:44:19 : Failed to login. Trying to reconnect.!
﻿23:44:29 : Problems logging in to the server.!
﻿23:44:29 : Lost Connection!
﻿23:44:29 : Closing socket & exiting!
﻿23:44:38 : Failed to login. Trying to reconnect.!
﻿23:44:48 : Failed to login. Trying to reconnect.!
﻿23:44:58 : Failed to login. Trying to reconnect.!
﻿23:45:08 : Failed to login. Trying to reconnect.!
﻿23:45:18 : Failed to login. Trying to reconnect.!
﻿23:45:28 : Failed to login. Trying to reconnect.!
﻿23:45:38 : Problems logging in to the server.!
﻿23:45:38 : Lost Connection!
﻿23:45:38 : Closing socket & exiting!
﻿23:46:14 : Failed to login. Trying to reconnect.!
﻿23:46:24 : Failed to login. Trying to reconnect.!
﻿23:46:34 : Failed to login. Trying to reconnect.!
﻿23:46:44 : Failed to login. Trying to reconnect.!
﻿23:46:54 : Failed to login. Trying to reconnect.!
﻿23:47:04 : Failed to login. Trying to reconnect.!
﻿23:47:14 : Problems logging in to the server.!
﻿23:47:14 : Lost Connection!
﻿23:47:14 : Closing socket & exiting!
﻿23:47:50 : Failed to login. Trying to reconnect.!
﻿23:48:00 : Failed to login. Trying to reconnect.!
﻿23:48:10 : Failed to login. Trying to reconnect.!
﻿23:48:20 : Failed to login. Trying to reconnect.!
﻿23:48:30 : Failed to login. Trying to reconnect.!
﻿23:48:40 : Failed to login. Trying to reconnect.!
﻿23:48:50 : Problems logging in to the server.!
﻿23:48:50 : Lost Connection!
﻿23:48:50 : Closing socket & exiting!
﻿23:49:28 : Failed to login. Trying to reconnect.!
﻿23:49:38 : Failed to login. Trying to reconnect.!
﻿23:49:48 : Failed to login. Trying to reconnect.!
﻿23:49:58 : Failed to login. Trying to reconnect.!
﻿23:50:08 : Failed to login. Trying to reconnect.!
﻿23:50:18 : Failed to login. Trying to reconnect.!
﻿23:50:28 : Problems logging in to the server.!
﻿23:50:28 : Lost Connection!
﻿23:50:28 : Closing socket & exiting!
﻿23:51:06 : Failed to login. Trying to reconnect.!
﻿23:51:16 : Failed to login. Trying to reconnect.!
﻿23:51:26 : Failed to login. Trying to reconnect.!
﻿23:51:36 : Failed to login. Trying to reconnect.!
﻿23:51:46 : Failed to login. Trying to reconnect.!
﻿23:51:56 : Failed to login. Trying to reconnect.!
﻿23:52:06 : Problems logging in to the server.!
﻿23:52:06 : Lost Connection!
﻿23:52:06 : Closing socket & exiting!
﻿23:52:42 : Failed to login. Trying to reconnect.!
﻿23:52:52 : Failed to login. Trying to reconnect.!
﻿23:53:02 : Failed to login. Trying to reconnect.!
﻿23:53:12 : Failed to login. Trying to reconnect.!
﻿23:53:22 : Failed to login. Trying to reconnect.!
﻿23:53:32 : Failed to login. Trying to reconnect.!
﻿23:53:42 : Problems logging in to the server.!
﻿23:53:42 : Lost Connection!
﻿23:53:42 : Closing socket & exiting!
﻿23:54:18 : Failed to login. Trying to reconnect.!
﻿23:54:28 : Failed to login. Trying to reconnect.!
﻿23:54:38 : Failed to login. Trying to reconnect.!
﻿23:54:48 : Failed to login. Trying to reconnect.!
﻿23:54:58 : Failed to login. Trying to reconnect.!
﻿23:55:08 : Failed to login. Trying to reconnect.!
﻿23:55:18 : Problems logging in to the server.!
﻿23:55:18 : Lost Connection!
﻿23:55:18 : Closing socket & exiting!
﻿23:55:54 : Failed to login. Trying to reconnect.!
﻿23:56:04 : Failed to login. Trying to reconnect.!
﻿23:56:14 : Failed to login. Trying to reconnect.!
﻿23:56:24 : Failed to login. Trying to reconnect.!
﻿23:56:34 : Failed to login. Trying to reconnect.!
﻿23:56:44 : Failed to login. Trying to reconnect.!
﻿23:56:54 : Problems logging in to the server.!
﻿23:56:54 : Lost Connection!
﻿23:56:54 : Closing socket & exiting!
﻿23:57:30 : Failed to login. Trying to reconnect.!
﻿23:57:40 : Failed to login. Trying to reconnect.!
﻿23:57:50 : Failed to login. Trying to reconnect.!
﻿23:58:00 : Failed to login. Trying to reconnect.!
﻿23:58:10 : Failed to login. Trying to reconnect.!
﻿23:58:20 : Failed to login. Trying to reconnect.!
﻿23:58:30 : Problems logging in to the server.!
﻿23:58:30 : Lost Connection!
﻿23:58:30 : Closing socket & exiting!
﻿23:59:07 : Failed to login. Trying to reconnect.!
﻿23:59:17 : Failed to login. Trying to reconnect.!
﻿23:59:27 : Failed to login. Trying to reconnect.!
﻿23:59:37 : Failed to login. Trying to reconnect.!
﻿23:59:47 : Failed to login. Trying to reconnect.!
﻿23:59:57 : Failed to login. Trying to reconnect.!
