01:00:59 : Lost Connection!
﻿01:00:59 : Closing socket & exiting!
﻿01:08:21 : Rcon client logging in
﻿01:12:36 : Rcon client logging in
﻿01:13:12 : Rcon client logging in
﻿01:17:26 : Rcon client logging in
﻿01:18:34 : Rcon client logging in
﻿01:27:41 : Rcon client logging in
﻿01:28:16 : Rcon client logging in
﻿01:29:05 : Lost Connection!
﻿01:29:05 : Closing socket & exiting!
﻿01:35:51 : Rcon client logging in
﻿01:37:17 : No Valid response. Trying to reconnect.!
﻿01:37:17 : Rcon client logging in
﻿01:37:17 : RCon admin #0 (104.255.66.217:63574) logged in
﻿01:37:43 : Player #0 Survivor (24.131.87.127:2304) connected
﻿01:37:43 : Player #0 Survivor - BE GUID: 3147c69c4332f0ce305e747c21057036
﻿01:49:27 : Player #0 Survivor disconnected
﻿01:49:30 : Lost Connection!
﻿01:49:30 : Closing socket & exiting!
﻿01:55:48 : Rcon client logging in
﻿01:57:21 : No Valid response. Trying to reconnect.!
﻿01:57:21 : Rcon client logging in
﻿01:57:21 : RCon admin #0 (104.255.66.217:55399) logged in
﻿02:17:54 : Lost Connection!
﻿02:17:54 : Closing socket & exiting!
﻿02:35:19 : Rcon client logging in
﻿02:35:55 : Lost Connection!
﻿02:35:55 : Closing socket & exiting!
﻿02:41:10 : Rcon client logging in
﻿02:44:06 : Lost Connection!
﻿02:44:06 : Closing socket & exiting!
﻿02:50:19 : Rcon client logging in
﻿02:54:04 : Rcon client logging in
﻿02:55:40 : No Valid response. Trying to reconnect.!
﻿02:55:40 : Rcon client logging in
﻿02:55:47 : RCon admin #0 (104.255.66.217:63622) logged in
﻿03:56:12 : Player #0 Survivor disconnected
﻿04:18:27 : Lost Connection!
﻿04:18:27 : Closing socket & exiting!
﻿04:19:16 : Rcon client logging in
﻿04:21:00 : No Valid response. Trying to reconnect.!
﻿04:21:00 : Rcon client logging in
﻿04:21:00 : RCon admin #0 (104.255.66.217:54542) logged in
﻿04:22:06 : Player #0 Survivor (24.131.87.127:2304) connected
﻿04:22:06 : Player #0 Survivor - BE GUID: 3147c69c4332f0ce305e747c21057036
﻿04:41:28 : Player #0 Survivor disconnected
﻿04:41:31 : Lost Connection!
﻿04:41:31 : Closing socket & exiting!
﻿04:41:40 : Lost Connection!
﻿04:41:40 : Closing socket & exiting!
﻿04:42:48 : Rcon client logging in
﻿04:44:44 : No Valid response. Trying to reconnect.!
﻿04:44:44 : Rcon client logging in
﻿04:44:44 : RCon admin #0 (104.255.66.217:52304) logged in
﻿06:24:50 : Rcon client logging in
﻿06:26:20 : No Valid response. Trying to reconnect.!
﻿06:26:20 : Rcon client logging in
﻿06:26:20 : RCon admin #0 (104.255.66.217:64367) logged in
﻿06:31:13 : Player #0 Survivor (24.131.87.127:2304) connected
﻿06:31:13 : Player #0 Survivor - BE GUID: 3147c69c4332f0ce305e747c21057036
﻿06:58:36 : Player #0 Survivor disconnected
﻿06:58:40 : Lost Connection!
﻿06:58:40 : Closing socket & exiting!
﻿07:00:02 : Rcon client logging in
﻿07:06:38 : Lost Connection!
﻿07:06:38 : Closing socket & exiting!
﻿07:07:11 : Rcon client logging in
﻿07:08:39 : No Valid response. Trying to reconnect.!
﻿07:08:39 : Rcon client logging in
﻿07:08:51 : RCon admin #0 (104.255.66.217:51631) logged in
﻿07:22:25 : Player #0 Survivor disconnected
﻿07:22:27 : Lost Connection!
﻿07:22:27 : Closing socket & exiting!
﻿07:37:39 : Rcon client logging in
﻿07:39:18 : No Valid response. Trying to reconnect.!
﻿07:39:18 : Rcon client logging in
﻿07:39:23 : RCon admin #0 (104.255.66.217:50867) logged in
﻿07:53:36 : Player #0 Survivor disconnected
﻿07:53:39 : Lost Connection!
﻿07:53:39 : Closing socket & exiting!
﻿08:01:52 : Lost Connection!
﻿08:01:52 : Closing socket & exiting!
﻿08:02:26 : Lost Connection!
﻿08:02:26 : Closing socket & exiting!
﻿08:03:00 : Rcon client logging in
﻿08:07:30 : Lost Connection!
﻿08:07:30 : Closing socket & exiting!
﻿08:11:52 : Rcon client logging in
﻿08:13:57 : No Valid response. Trying to reconnect.!
﻿08:13:57 : Rcon client logging in
﻿08:13:58 : RCon admin #0 (104.255.66.217:62266) logged in
﻿08:16:00 : Player #0 Survivor (24.131.87.127:2304) connected
﻿08:16:00 : Player #0 Survivor - BE GUID: 3147c69c4332f0ce305e747c21057036
﻿08:19:26 : Player #0 Survivor disconnected
﻿11:18:24 : Lost Connection!
﻿11:18:24 : Closing socket & exiting!
﻿11:23:02 : Rcon client logging in
﻿11:23:38 : Lost Connection!
﻿11:23:38 : Closing socket & exiting!
﻿11:54:05 : Rcon client logging in
﻿11:58:30 : Lost Connection!
﻿11:58:30 : Closing socket & exiting!
﻿11:59:15 : Rcon client logging in
﻿12:01:23 : No Valid response. Trying to reconnect.!
﻿12:01:23 : Rcon client logging in
﻿12:01:23 : RCon admin #0 (104.255.66.217:57143) logged in
﻿12:01:47 : Player #0 Survivor (24.131.87.127:2304) connected
﻿12:01:47 : Player #0 Survivor - BE GUID: 3147c69c4332f0ce305e747c21057036
﻿12:04:00 : No Valid response. Trying to reconnect.!
﻿12:04:00 : Rcon client logging in
﻿12:04:00 : RCon admin #0 (104.255.66.217:57143) logged in
﻿12:11:52 : Player #0 Survivor disconnected
﻿12:11:56 : Lost Connection!
﻿12:11:56 : Closing socket & exiting!
﻿12:14:31 : Rcon client logging in
﻿12:15:35 : Lost Connection!
﻿12:15:35 : Closing socket & exiting!
﻿12:16:27 : Rcon client logging in
﻿12:18:22 : No Valid response. Trying to reconnect.!
﻿12:18:22 : Rcon client logging in
﻿12:18:22 : RCon admin #0 (104.255.66.217:63719) logged in
﻿12:23:36 : Player #0 Survivor disconnected
﻿12:23:38 : Lost Connection!
﻿12:23:38 : Closing socket & exiting!
﻿12:28:21 : Rcon client logging in
﻿12:30:00 : No Valid response. Trying to reconnect.!
﻿12:30:00 : Rcon client logging in
﻿12:30:05 : RCon admin #0 (104.255.66.217:57312) logged in
﻿12:36:20 : Rcon client logging in
﻿12:38:09 : No Valid response. Trying to reconnect.!
﻿12:38:09 : Rcon client logging in
﻿12:38:09 : RCon admin #0 (104.255.66.217:57514) logged in
﻿12:46:24 : Player #0 Survivor disconnected
﻿12:46:27 : Lost Connection!
﻿12:46:27 : Closing socket & exiting!
﻿12:54:47 : Rcon client logging in
﻿12:56:40 : No Valid response. Trying to reconnect.!
﻿12:56:40 : Rcon client logging in
﻿12:56:40 : RCon admin #0 (104.255.66.217:56472) logged in
﻿12:57:10 : Player #0 Survivor disconnected
﻿13:01:34 : Lost Connection!
﻿13:01:34 : Closing socket & exiting!
﻿13:02:08 : Lost Connection!
﻿13:02:08 : Closing socket & exiting!
﻿13:02:42 : Rcon client logging in
﻿13:08:44 : Lost Connection!
﻿13:08:44 : Closing socket & exiting!
﻿13:18:41 : Rcon client logging in
﻿13:20:59 : No Valid response. Trying to reconnect.!
﻿13:20:59 : Rcon client logging in
﻿13:20:59 : RCon admin #0 (104.255.66.217:51554) logged in
﻿13:28:05 : Rcon client logging in
﻿13:29:44 : No Valid response. Trying to reconnect.!
﻿13:29:44 : Rcon client logging in
﻿13:29:44 : RCon admin #0 (104.255.66.217:51926) logged in
﻿13:30:31 : Player #0 Survivor disconnected
﻿13:45:14 : Rcon client logging in
﻿13:48:11 : Rcon client logging in
﻿13:52:26 : Rcon client logging in
﻿13:54:25 : No Valid response. Trying to reconnect.!
﻿13:54:25 : Rcon client logging in
﻿13:54:25 : RCon admin #0 (104.255.66.217:50725) logged in
﻿22:23:17 : Player #0 Survivor (24.131.87.127:2304) connected
﻿22:23:17 : Player #0 Survivor - BE GUID: 3147c69c4332f0ce305e747c21057036
﻿22:48:22 : Player #0 Survivor disconnected
