08:42:01 : Failed to login. Trying to reconnect.!
﻿08:42:11 : Failed to login. Trying to reconnect.!
﻿08:42:21 : Failed to login. Trying to reconnect.!
﻿08:42:31 : Failed to login. Trying to reconnect.!
﻿08:42:41 : Failed to login. Trying to reconnect.!
﻿08:42:51 : Failed to login. Trying to reconnect.!
﻿08:43:01 : Problems logging in to the server.!
﻿08:43:01 : Lost Connection!
﻿08:43:01 : Closing socket & exiting!
﻿08:43:37 : Failed to login. Trying to reconnect.!
﻿08:43:47 : Failed to login. Trying to reconnect.!
﻿08:43:57 : Failed to login. Trying to reconnect.!
﻿08:44:07 : Failed to login. Trying to reconnect.!
﻿08:44:17 : Failed to login. Trying to reconnect.!
﻿08:44:27 : Failed to login. Trying to reconnect.!
﻿08:44:37 : Problems logging in to the server.!
﻿08:44:37 : Lost Connection!
﻿08:44:37 : Closing socket & exiting!
﻿08:45:58 : Lost Connection!
﻿08:45:58 : Closing socket & exiting!
﻿08:46:32 : Rcon client logging in
﻿08:49:47 : No Valid response. Trying to reconnect.!
﻿08:49:47 : Rcon client logging in
﻿08:49:47 : RCon admin #0 (102.165.49.27:54817) logged in
﻿08:53:05 : Lost Connection!
﻿08:53:05 : Closing socket & exiting!
﻿08:56:36 : Rcon client logging in
﻿08:58:11 : Rcon client logging in
﻿08:58:11 : RCon admin #0 (102.165.49.27:63608) logged in
﻿08:58:12 : RCon admin #0: (Global) Initializing Bec
﻿08:58:59 : Lost Connection!
﻿08:58:59 : Closing socket & exiting!
﻿09:28:29 : Lost Connection!
﻿09:28:29 : Closing socket & exiting!
﻿09:29:35 : Rcon client logging in
﻿09:30:52 : No Valid response. Trying to reconnect.!
﻿09:30:52 : Rcon client logging in
﻿09:30:52 : RCon admin #0 (102.165.49.27:50033) logged in
﻿10:01:26 : Lost Connection!
﻿10:01:26 : Closing socket & exiting!
﻿11:57:55 : Rcon client logging in
﻿11:59:41 : No Valid response. Trying to reconnect.!
﻿11:59:41 : Rcon client logging in
﻿11:59:41 : RCon admin #0 (102.165.49.27:52108) logged in
﻿12:12:40 : Player #0 Survivor (24.131.87.127:2304) connected
﻿12:12:40 : Player #0 Survivor - BE GUID: 3147c69c4332f0ce305e747c21057036
﻿12:19:46 : Player #0 Survivor disconnected
﻿12:35:58 : Rcon client logging in
﻿12:42:03 : Lost Connection!
﻿12:42:03 : Closing socket & exiting!
﻿12:42:47 : Rcon client logging in
﻿12:45:15 : Lost Connection!
﻿12:45:15 : Closing socket & exiting!
﻿12:45:58 : Rcon client logging in
﻿12:46:43 : Lost Connection!
﻿12:46:43 : Closing socket & exiting!
﻿12:48:52 : Rcon client logging in
﻿12:49:37 : Lost Connection!
﻿12:49:37 : Closing socket & exiting!
﻿12:53:30 : Rcon client logging in
﻿12:54:18 : Lost Connection!
﻿12:54:18 : Closing socket & exiting!
﻿12:59:36 : Rcon client logging in
﻿13:04:32 : Lost Connection!
﻿13:04:32 : Closing socket & exiting!
﻿13:05:05 : Rcon client logging in
﻿13:06:25 : Lost Connection!
﻿13:06:25 : Closing socket & exiting!
﻿13:07:55 : Rcon client logging in
﻿13:10:10 : No Valid response. Trying to reconnect.!
﻿13:10:10 : Rcon client logging in
﻿13:10:10 : RCon admin #0 (102.165.49.27:50716) logged in
﻿13:12:11 : Lost Connection!
﻿13:12:11 : Closing socket & exiting!
﻿13:13:23 : Rcon client logging in
﻿13:14:03 : Lost Connection!
﻿13:14:03 : Closing socket & exiting!
﻿13:15:01 : Rcon client logging in
﻿13:15:35 : Rcon client logging in
﻿13:18:09 : Lost Connection!
﻿13:18:09 : Closing socket & exiting!
﻿13:18:12 : Lost Connection!
﻿13:18:12 : Closing socket & exiting!
﻿13:19:20 : Rcon client logging in
﻿13:20:03 : Lost Connection!
﻿13:20:03 : Closing socket & exiting!
﻿13:20:59 : Rcon client logging in
﻿13:21:53 : Lost Connection!
﻿13:21:53 : Closing socket & exiting!
﻿13:24:16 : Rcon client logging in
﻿13:25:01 : Lost Connection!
﻿13:25:01 : Closing socket & exiting!
﻿13:26:23 : Rcon client logging in
﻿13:27:57 : No Valid response. Trying to reconnect.!
﻿13:27:57 : Rcon client logging in
﻿13:27:57 : RCon admin #0 (102.165.49.27:53508) logged in
﻿13:30:54 : Player #0 Survivor (24.131.87.127:2304) connected
﻿13:30:55 : Player #0 Survivor - BE GUID: 3147c69c4332f0ce305e747c21057036
﻿13:44:45 : Player #0 Survivor disconnected
﻿13:44:47 : Lost Connection!
﻿13:44:47 : Closing socket & exiting!
﻿13:46:14 : Rcon client logging in
﻿13:47:43 : Lost Connection!
﻿13:47:43 : Closing socket & exiting!
﻿14:33:13 : Rcon client logging in
﻿14:34:10 : Lost Connection!
﻿14:34:10 : Closing socket & exiting!
﻿14:35:48 : Rcon client logging in
﻿14:36:20 : Lost Connection!
﻿14:36:20 : Closing socket & exiting!
﻿14:37:41 : Rcon client logging in
﻿14:39:14 : No Valid response. Trying to reconnect.!
﻿14:39:14 : Rcon client logging in
﻿14:39:14 : RCon admin #0 (102.165.49.27:56339) logged in
﻿14:39:48 : Player #0 Survivor (24.131.87.127:2304) connected
﻿14:39:48 : Player #0 Survivor - BE GUID: 3147c69c4332f0ce305e747c21057036
﻿14:59:57 : Player #0 Survivor disconnected
﻿15:00:00 : Lost Connection!
﻿15:00:00 : Closing socket & exiting!
﻿15:05:47 : Lost Connection!
﻿15:05:47 : Closing socket & exiting!
﻿15:06:21 : Rcon client logging in
﻿15:07:41 : Lost Connection!
﻿15:07:41 : Closing socket & exiting!
﻿15:10:19 : Rcon client logging in
﻿15:12:43 : No Valid response. Trying to reconnect.!
﻿15:12:43 : Rcon client logging in
﻿15:12:43 : RCon admin #0 (102.165.49.27:58835) logged in
﻿15:21:40 : Player #0 Survivor (24.131.87.127:2304) connected
﻿15:21:40 : Player #0 Survivor - BE GUID: 3147c69c4332f0ce305e747c21057036
﻿15:23:48 : Player #0 Survivor disconnected
﻿15:23:51 : Lost Connection!
﻿15:23:51 : Closing socket & exiting!
﻿15:25:52 : Rcon client logging in
﻿15:27:42 : No Valid response. Trying to reconnect.!
﻿15:27:42 : Rcon client logging in
﻿15:27:42 : RCon admin #0 (102.165.49.27:61253) logged in
﻿15:27:50 : Player #0 Survivor disconnected
﻿15:28:00 : Lost Connection!
﻿15:28:00 : Closing socket & exiting!
﻿15:40:06 : Rcon client logging in
﻿16:02:38 : Lost Connection!
﻿16:02:38 : Closing socket & exiting!
﻿16:03:12 : Lost Connection!
﻿16:03:12 : Closing socket & exiting!
﻿16:03:48 : Rcon client logging in
﻿16:06:44 : No Valid response. Trying to reconnect.!
﻿16:06:44 : Rcon client logging in
﻿16:06:59 : RCon admin #0 (102.165.49.27:62396) logged in
﻿16:07:33 : Player #0 Survivor disconnected
﻿16:07:35 : Lost Connection!
﻿16:07:35 : Closing socket & exiting!
﻿16:19:50 : Rcon client logging in
﻿16:21:42 : No Valid response. Trying to reconnect.!
﻿16:21:42 : Rcon client logging in
﻿16:21:42 : RCon admin #0 (102.165.49.27:65072) logged in
﻿16:24:10 : Player #0 Survivor (24.131.87.127:2304) connected
﻿16:24:10 : Player #0 Survivor - BE GUID: 3147c69c4332f0ce305e747c21057036
﻿16:36:29 : Player #0 Survivor disconnected
﻿16:36:31 : Lost Connection!
﻿16:36:31 : Closing socket & exiting!
﻿16:38:02 : Lost Connection!
﻿16:38:02 : Closing socket & exiting!
﻿16:38:36 : Rcon client logging in
﻿16:41:17 : Lost Connection!
﻿16:41:17 : Closing socket & exiting!
﻿16:44:35 : Rcon client logging in
﻿16:45:26 : Lost Connection!
﻿16:45:26 : Closing socket & exiting!
﻿16:48:16 : Rcon client logging in
﻿16:50:24 : No Valid response. Trying to reconnect.!
﻿16:50:24 : Rcon client logging in
﻿16:50:24 : RCon admin #0 (102.165.49.27:53353) logged in
﻿17:49:56 : Lost Connection!
﻿17:49:56 : Closing socket & exiting!
﻿17:50:21 : Lost Connection!
﻿17:50:21 : Closing socket & exiting!
﻿17:50:58 : Lost Connection!
﻿17:50:58 : Closing socket & exiting!
﻿17:51:33 : Lost Connection!
﻿17:51:33 : Closing socket & exiting!
﻿17:52:09 : Lost Connection!
﻿17:52:09 : Closing socket & exiting!
﻿17:52:44 : Lost Connection!
﻿17:52:44 : Closing socket & exiting!
﻿17:53:19 : Lost Connection!
﻿17:53:19 : Closing socket & exiting!
﻿17:53:56 : Lost Connection!
﻿17:53:56 : Closing socket & exiting!
﻿17:54:30 : Lost Connection!
﻿17:54:30 : Closing socket & exiting!
﻿17:55:06 : Lost Connection!
﻿17:55:06 : Closing socket & exiting!
﻿17:55:41 : Lost Connection!
﻿17:55:41 : Closing socket & exiting!
﻿17:56:19 : Lost Connection!
﻿17:56:19 : Closing socket & exiting!
﻿17:56:53 : Rcon client logging in
﻿17:58:01 : No Valid response. Trying to reconnect.!
﻿17:58:01 : Rcon client logging in
﻿18:14:25 : No Valid response. Trying to reconnect.!
﻿18:14:25 : Rcon client logging in
﻿18:14:25 : RCon admin #0 (102.165.49.27:49343) logged in
﻿19:09:12 : Player #0 Survivor (181.29.123.153:2304) connected
﻿19:09:12 : Player #0 Survivor - BE GUID: e107ae9fe6c0da6075a89b007941fa12
﻿19:12:36 : Player #1 Survivor (2) (179.189.54.2:3580) connected
﻿19:12:36 : Player #1 Survivor (2) - BE GUID: 5a580c72c986cd9f546bddc884c76b64
﻿19:14:27 : Player #0 Survivor disconnected
﻿19:25:39 : Player #1 Survivor (2) disconnected
﻿21:03:29 : No Valid response. Trying to reconnect.!
﻿21:04:15 : No Valid response. Trying to reconnect.!
﻿21:05:00 : No Valid response. Trying to reconnect.!
﻿21:05:45 : Lost Connection!
﻿21:05:45 : Closing socket & exiting!
﻿21:05:59 : Rcon client logging in
﻿21:05:59 : RCon admin #0 (102.165.49.27:61291) logged in
﻿21:05:59 : RCon admin #0: (Global) Initializing Bec
﻿22:23:11 : Rcon client logging in
﻿22:24:04 : Closing socket & exiting!
﻿22:24:18 : Rcon client logging in
﻿22:24:18 : RCon admin #0 (102.165.49.27:55860) logged in
﻿22:24:19 : RCon admin #0: (Global) Initializing Bec
﻿22:33:02 : Rcon client logging in
﻿22:36:06 : Lost Connection!
﻿22:36:06 : Closing socket & exiting!
﻿22:41:57 : Rcon client logging in
﻿22:54:00 : Lost Connection!
﻿22:54:00 : Closing socket & exiting!
﻿23:05:15 : Lost Connection!
﻿23:05:15 : Closing socket & exiting!
﻿23:05:50 : Rcon client logging in
﻿23:19:58 : Lost Connection!
﻿23:19:58 : Closing socket & exiting!
﻿23:21:23 : Rcon client logging in
﻿23:22:47 : No Valid response. Trying to reconnect.!
﻿23:22:47 : Rcon client logging in
﻿23:22:47 : RCon admin #0 (102.165.49.27:58705) logged in
﻿23:23:41 : Lost Connection!
﻿23:23:41 : Closing socket & exiting!
﻿23:25:02 : Rcon client logging in
﻿23:29:11 : Lost Connection!
﻿23:29:11 : Closing socket & exiting!
﻿23:30:19 : Rcon client logging in
﻿23:31:58 : No Valid response. Trying to reconnect.!
﻿23:31:58 : Rcon client logging in
﻿23:32:00 : RCon admin #0 (102.165.49.27:55313) logged in
