12:05:49 : Player #0 Survivor (181.29.123.153:2304) connected
﻿12:05:49 : Player #0 Survivor - BE GUID: e107ae9fe6c0da6075a89b007941fa12
﻿12:06:32 : Player #0 Survivor disconnected
﻿12:35:56 : Player #0 Survivor (191.37.49.13:2304) connected
﻿12:35:56 : Player #0 Survivor - BE GUID: cee77e95987d8ee8bb3d6e40b00d22f3
﻿13:19:46 : Player #0 Survivor disconnected
﻿13:22:00 : Player #0 Survivor (24.131.87.127:2304) connected
﻿13:22:00 : Player #0 Survivor - BE GUID: 3147c69c4332f0ce305e747c21057036
﻿13:30:43 : Player #0 Survivor disconnected
﻿13:30:46 : Lost Connection!
﻿13:30:46 : Closing socket & exiting!
﻿13:31:43 : Rcon client logging in
﻿13:33:22 : No Valid response. Trying to reconnect.!
﻿13:33:22 : Rcon client logging in
﻿13:33:22 : RCon admin #0 (102.165.49.27:58766) logged in
﻿13:47:42 : Player #0 Survivor disconnected
﻿13:47:45 : Lost Connection!
﻿13:47:45 : Closing socket & exiting!
﻿13:48:39 : Rcon client logging in
﻿13:50:25 : No Valid response. Trying to reconnect.!
﻿13:50:26 : Rcon client logging in
﻿13:50:26 : RCon admin #0 (102.165.49.27:58603) logged in
﻿13:51:03 : Player #0 Survivor disconnected
﻿13:51:07 : Lost Connection!
﻿13:51:07 : Closing socket & exiting!
﻿13:51:54 : Rcon client logging in
﻿13:52:28 : Rcon client logging in
﻿13:52:47 : Lost Connection!
﻿13:52:47 : Closing socket & exiting!
﻿13:53:35 : Rcon client logging in
﻿13:55:11 : No Valid response. Trying to reconnect.!
﻿13:55:11 : Rcon client logging in
﻿13:55:11 : RCon admin #0 (102.165.49.27:50770) logged in
﻿14:02:51 : Lost Connection!
﻿14:02:51 : Closing socket & exiting!
﻿14:03:35 : Lost Connection!
﻿14:03:35 : Closing socket & exiting!
﻿14:04:09 : Rcon client logging in
﻿14:06:56 : No Valid response. Trying to reconnect.!
﻿14:06:56 : Rcon client logging in
﻿14:06:56 : RCon admin #0 (102.165.49.27:57116) logged in
﻿14:13:46 : Player #0 Survivor (24.131.87.127:2304) connected
﻿14:13:47 : Player #0 Survivor - BE GUID: 3147c69c4332f0ce305e747c21057036
﻿14:25:54 : Player #0 Survivor disconnected
﻿14:25:58 : Lost Connection!
﻿14:25:58 : Closing socket & exiting!
﻿14:26:08 : Lost Connection!
﻿14:26:08 : Closing socket & exiting!
﻿14:27:17 : Rcon client logging in
﻿14:29:22 : No Valid response. Trying to reconnect.!
﻿14:29:22 : Rcon client logging in
﻿14:29:22 : RCon admin #0 (102.165.49.27:51508) logged in
﻿14:33:05 : Player #0 Survivor (24.131.87.127:2304) connected
﻿14:33:05 : Player #0 Survivor - BE GUID: 3147c69c4332f0ce305e747c21057036
﻿14:56:21 : Player #0 Survivor disconnected
﻿14:56:24 : Lost Connection!
﻿14:56:24 : Closing socket & exiting!
﻿14:56:38 : Lost Connection!
﻿14:56:38 : Closing socket & exiting!
﻿14:57:46 : Rcon client logging in
﻿14:59:13 : Lost Connection!
﻿14:59:13 : Closing socket & exiting!
﻿14:59:59 : Rcon client logging in
﻿15:03:05 : No Valid response. Trying to reconnect.!
﻿15:03:05 : Rcon client logging in
﻿15:03:05 : RCon admin #0 (102.165.49.27:55196) logged in
﻿15:09:32 : Lost Connection!
﻿15:09:32 : Closing socket & exiting!
﻿15:10:30 : Rcon client logging in
﻿15:14:01 : Lost Connection!
﻿15:14:01 : Closing socket & exiting!
﻿15:14:47 : Rcon client logging in
﻿15:20:21 : Lost Connection!
﻿15:20:21 : Closing socket & exiting!
﻿15:21:07 : Rcon client logging in
﻿15:23:22 : No Valid response. Trying to reconnect.!
﻿15:23:22 : Rcon client logging in
﻿15:23:22 : RCon admin #0 (102.165.49.27:51447) logged in
﻿15:43:24 : Player #0 Survivor disconnected
﻿15:43:28 : Lost Connection!
﻿15:43:28 : Closing socket & exiting!
﻿15:43:34 : Lost Connection!
﻿15:43:34 : Closing socket & exiting!
﻿15:44:42 : Rcon client logging in
﻿15:52:05 : Lost Connection!
﻿15:52:05 : Closing socket & exiting!
﻿15:53:06 : Rcon client logging in
﻿15:56:57 : No Valid response. Trying to reconnect.!
﻿15:56:57 : Rcon client logging in
﻿15:56:57 : RCon admin #0 (102.165.49.27:61785) logged in
﻿16:08:22 : Player #0 Survivor disconnected
﻿16:08:24 : Lost Connection!
﻿16:08:24 : Closing socket & exiting!
﻿16:09:15 : Rcon client logging in
﻿16:23:18 : Lost Connection!
﻿16:23:18 : Closing socket & exiting!
﻿16:24:02 : Rcon client logging in
﻿16:25:41 : No Valid response. Trying to reconnect.!
﻿16:25:41 : Rcon client logging in
﻿16:25:41 : RCon admin #0 (102.165.49.27:49935) logged in
﻿16:31:04 : Player #0 Survivor disconnected
﻿16:31:07 : Lost Connection!
﻿16:31:07 : Closing socket & exiting!
﻿16:31:54 : Rcon client logging in
﻿16:33:40 : No Valid response. Trying to reconnect.!
﻿16:33:40 : Rcon client logging in
﻿16:33:40 : RCon admin #0 (102.165.49.27:51024) logged in
﻿16:33:50 : Player #0 Survivor disconnected
﻿21:26:52 : Lost Connection!
﻿21:26:52 : Closing socket & exiting!
﻿21:27:48 : Rcon client logging in
﻿21:32:07 : Lost Connection!
﻿21:32:07 : Closing socket & exiting!
﻿21:33:04 : Rcon client logging in
﻿21:42:16 : Lost Connection!
﻿21:42:16 : Closing socket & exiting!
﻿21:43:01 : Rcon client logging in
﻿21:47:38 : Lost Connection!
﻿21:47:38 : Closing socket & exiting!
﻿21:48:23 : Rcon client logging in
﻿21:56:54 : No Valid response. Trying to reconnect.!
﻿21:56:54 : Rcon client logging in
﻿21:56:54 : RCon admin #0 (102.165.49.27:58834) logged in
﻿21:58:08 : Player #0 Survivor (24.131.87.127:2304) connected
﻿21:58:09 : Player #0 Survivor - BE GUID: 3147c69c4332f0ce305e747c21057036
﻿21:59:39 : Player #0 Survivor disconnected
﻿21:59:43 : Lost Connection!
﻿21:59:43 : Closing socket & exiting!
﻿22:00:27 : Rcon client logging in
﻿22:05:05 : No Valid response. Trying to reconnect.!
﻿22:05:05 : Rcon client logging in
﻿22:05:05 : RCon admin #0 (102.165.49.27:61065) logged in
﻿22:05:34 : Player #0 Survivor (24.131.87.127:2304) connected
﻿22:05:34 : Player #0 Survivor - BE GUID: 3147c69c4332f0ce305e747c21057036
﻿22:06:55 : Player #0 Survivor disconnected
﻿22:15:26 : Lost Connection!
﻿22:15:26 : Closing socket & exiting!
﻿22:15:35 : Lost Connection!
﻿22:15:35 : Closing socket & exiting!
﻿22:16:43 : Rcon client logging in
﻿22:19:20 : No Valid response. Trying to reconnect.!
﻿22:19:20 : Rcon client logging in
﻿22:19:20 : RCon admin #0 (102.165.49.27:51029) logged in
﻿22:27:43 : Player #0 Survivor (24.131.87.127:2304) connected
﻿22:27:43 : Player #0 Survivor - BE GUID: 3147c69c4332f0ce305e747c21057036
﻿22:58:49 : Player #0 Survivor disconnected
﻿22:58:51 : Lost Connection!
﻿22:58:51 : Closing socket & exiting!
﻿22:59:43 : Rcon client logging in
﻿23:14:54 : Lost Connection!
﻿23:14:54 : Closing socket & exiting!
﻿23:15:56 : Rcon client logging in
﻿23:22:17 : Lost Connection!
﻿23:22:17 : Closing socket & exiting!
﻿23:23:18 : Rcon client logging in
﻿23:27:16 : No Valid response. Trying to reconnect.!
﻿23:27:16 : Rcon client logging in
﻿23:27:16 : RCon admin #0 (102.165.49.27:57824) logged in
﻿23:50:41 : Player #0 Survivor disconnected
﻿23:50:44 : Lost Connection!
﻿23:50:44 : Closing socket & exiting!
﻿23:51:37 : Rcon client logging in
﻿23:54:24 : No Valid response. Trying to reconnect.!
﻿23:54:24 : Rcon client logging in
﻿23:54:24 : RCon admin #0 (102.165.49.27:52598) logged in
