00:01:05 : Lost Connection!
﻿00:01:05 : Closing socket & exiting!
﻿00:01:39 : Lost Connection!
﻿00:01:39 : Closing socket & exiting!
﻿00:02:13 : Lost Connection!
﻿00:02:13 : Closing socket & exiting!
﻿00:02:47 : Rcon client logging in
﻿00:10:00 : Lost Connection!
﻿00:10:00 : Closing socket & exiting!
﻿00:12:10 : Rcon client logging in
﻿00:26:58 : Rcon client logging in
﻿00:27:26 : Lost Connection!
﻿00:27:26 : Closing socket & exiting!
﻿00:28:13 : Rcon client logging in
﻿00:38:20 : Rcon client logging in
﻿00:40:06 : No Valid response. Trying to reconnect.!
﻿00:40:06 : Rcon client logging in
﻿00:40:12 : RCon admin #0 (104.255.66.217:62490) logged in
﻿01:30:38 : Player #0 Survivor disconnected
﻿03:52:18 : Player #0 Survivor (67.175.119.31:2304) connected
﻿03:52:18 : Player #0 Survivor - BE GUID: 0eff37b7e7b5752a15c072fd4224138b
﻿04:14:17 : Player #0 Survivor disconnected
